<?xml version="1.0" encoding="UTF-8"?>
<!-- Generated by org.testng.reporters.JUnitReportReporter -->
<testsuite hostname="LAPTOP-FUJI4BJO" failures="0" tests="3" name="tests.TestAddToCart" time="1.244" errors="0" timestamp="2025-03-31T13:47:47 IST" skipped="0">
  <testcase classname="tests.TestAddToCart" name="testLogin" time="0.304"/>
  <system-out/>
  <testcase classname="tests.TestAddToCart" name="testAddToCart" time="0.227"/>
  <system-out/>
  <testcase classname="tests.TestAddToCart" name="testLogout" time="0.713"/>
  <system-out/>
</testsuite> <!-- tests.TestAddToCart -->
