<?xml version="1.0" encoding="UTF-8"?>
<!-- Generated by org.testng.reporters.JUnitReportReporter -->
<testsuite hostname="LAPTOP-FUJI4BJO" failures="0" tests="1" name="apiTests.TestApiStatusCode" time="2.001" errors="0" timestamp="2025-03-30T20:36:56 IST" skipped="0">
  <testcase classname="apiTests.TestApiStatusCode" name="testGetRequest" time="2.001"/>
  <system-out/>
</testsuite> <!-- apiTests.TestApiStatusCode -->
